<?xml version="1.0" encoding="UTF-8" ?>
<testsuite tests="2" failures="0" name="org.crumbleworks.mcdonnough.morsecoder.MorseCodePlayerTest" time="1.278" errors="0" skipped="0">
  <properties>
[...]
</properties>
  <testcase classname="org.crumbleworks.mcdonnough.morsecoder.MorseCodePlayerTest" name="testIfPlayAudioOfValidMorseCodeWorksAsExpected" time="1.278"/>
  <testcase classname="org.crumbleworks.mcdonnough.morsecoder.MorseCodePlayerTest" name="testIfPlayAudioOfInvalidMorseCodeFailsAsExpected" time="0"/>
</testsuite>